\BOOKMARK [0][-]{chapter.1}{\376\377\000I\000n\000d\000i\000c\000e\000s\000\040\000a\000n\000d\000\040\000t\000a\000b\000l\000e\000s}{}% 1
\BOOKMARK [0][-]{chapter.2}{\376\377\000W\000e\000l\000c\000o\000m\000e\000\040\000t\000o\000\040\000S\000I\000R\000-\000M\000I\000G\040\031\000s\000\040\000d\000o\000c\000u\000m\000e\000n\000t\000a\000t\000i\000o\000n\000!}{}% 2
\BOOKMARK [1][-]{section.2.1}{\376\377\000C\000o\000n\000t\000e\000n\000t\000s}{chapter.2}% 3
\BOOKMARK [2][-]{subsection.2.1.1}{\376\377\000U\000s\000a\000g\000e}{section.2.1}% 4
\BOOKMARK [3][-]{subsubsection*.3}{\376\377\000I\000n\000s\000t\000a\000l\000l\000a\000t\000i\000o\000n}{subsection.2.1.1}% 5
\BOOKMARK [2][-]{subsection.2.1.2}{\376\377\000F\000u\000n\000c\000t\000i\000o\000n\000s}{section.2.1}% 6
\BOOKMARK [3][-]{subsubsection*.4}{\376\377\000F\000i\000l\000e\000\040\000s\000i\000r\000.\000p\000y}{subsection.2.1.2}% 7
\BOOKMARK [4][-]{paragraph*.6}{\376\377\000P\000a\000r\000a\000m\000e\000t\000e\000r}{subsubsection*.4}% 8
\BOOKMARK [4][-]{paragraph*.7}{\376\377\000R\000e\000t\000u\000r\000n}{subsubsection*.4}% 9
\BOOKMARK [4][-]{paragraph*.9}{\376\377\000P\000a\000r\000a\000m\000e\000t\000e\000r}{subsubsection*.4}% 10
\BOOKMARK [4][-]{paragraph*.10}{\376\377\000R\000e\000t\000u\000r\000n}{subsubsection*.4}% 11
\BOOKMARK [4][-]{paragraph*.12}{\376\377\000P\000a\000r\000a\000m\000e\000t\000e\000r}{subsubsection*.4}% 12
\BOOKMARK [4][-]{paragraph*.13}{\376\377\000R\000e\000t\000u\000r\000n}{subsubsection*.4}% 13
\BOOKMARK [4][-]{paragraph*.15}{\376\377\000P\000a\000r\000a\000m\000e\000t\000e\000r}{subsubsection*.4}% 14
\BOOKMARK [4][-]{paragraph*.16}{\376\377\000R\000e\000t\000u\000r\000n}{subsubsection*.4}% 15
\BOOKMARK [4][-]{paragraph*.18}{\376\377\000P\000a\000r\000a\000m\000e\000t\000e\000r}{subsubsection*.4}% 16
\BOOKMARK [4][-]{paragraph*.19}{\376\377\000R\000e\000t\000u\000r\000n}{subsubsection*.4}% 17
\BOOKMARK [4][-]{paragraph*.21}{\376\377\000P\000a\000r\000a\000m\000e\000t\000e\000r}{subsubsection*.4}% 18
\BOOKMARK [4][-]{paragraph*.22}{\376\377\000R\000e\000t\000u\000r\000n}{subsubsection*.4}% 19
\BOOKMARK [4][-]{paragraph*.24}{\376\377\000P\000a\000r\000a\000m\000e\000t\000e\000r\000s}{subsubsection*.4}% 20
\BOOKMARK [4][-]{paragraph*.25}{\376\377\000R\000e\000t\000u\000r\000n\000s}{subsubsection*.4}% 21
\BOOKMARK [4][-]{paragraph*.27}{\376\377\000P\000a\000r\000a\000m\000e\000t\000e\000r}{subsubsection*.4}% 22
\BOOKMARK [4][-]{paragraph*.28}{\376\377\000R\000e\000t\000u\000r\000n}{subsubsection*.4}% 23
\BOOKMARK [4][-]{paragraph*.30}{\376\377\000P\000a\000r\000a\000m\000e\000t\000e\000r}{subsubsection*.4}% 24
\BOOKMARK [4][-]{paragraph*.31}{\376\377\000R\000e\000t\000u\000r\000n}{subsubsection*.4}% 25
\BOOKMARK [4][-]{paragraph*.33}{\376\377\000P\000a\000r\000a\000m\000e\000t\000e\000r}{subsubsection*.4}% 26
\BOOKMARK [4][-]{paragraph*.34}{\376\377\000R\000e\000t\000u\000r\000n}{subsubsection*.4}% 27
\BOOKMARK [4][-]{paragraph*.36}{\376\377\000P\000a\000r\000a\000m\000e\000t\000e\000r\000s}{subsubsection*.4}% 28
\BOOKMARK [4][-]{paragraph*.38}{\376\377\000P\000a\000r\000a\000m\000e\000t\000e\000r\000s}{subsubsection*.4}% 29
\BOOKMARK [4][-]{paragraph*.40}{\376\377\000P\000a\000r\000a\000m\000e\000t\000e\000r\000s}{subsubsection*.4}% 30
\BOOKMARK [4][-]{paragraph*.42}{\376\377\000P\000a\000r\000a\000m\000e\000t\000e\000r\000s}{subsubsection*.4}% 31
\BOOKMARK [4][-]{paragraph*.44}{\376\377\000P\000a\000r\000a\000m\000e\000t\000e\000r}{subsubsection*.4}% 32
\BOOKMARK [4][-]{paragraph*.46}{\376\377\000P\000a\000r\000a\000m\000e\000t\000e\000r}{subsubsection*.4}% 33
\BOOKMARK [4][-]{paragraph*.48}{\376\377\000P\000a\000r\000a\000m\000e\000t\000e\000r}{subsubsection*.4}% 34
\BOOKMARK [4][-]{paragraph*.50}{\376\377\000P\000a\000r\000a\000m\000e\000t\000e\000r}{subsubsection*.4}% 35
\BOOKMARK [4][-]{paragraph*.52}{\376\377\000P\000a\000r\000a\000m\000e\000t\000e\000r}{subsubsection*.4}% 36
\BOOKMARK [4][-]{paragraph*.54}{\376\377\000P\000a\000r\000a\000m\000e\000t\000e\000r}{subsubsection*.4}% 37
\BOOKMARK [4][-]{paragraph*.55}{\376\377\000R\000e\000t\000u\000r\000n}{subsubsection*.4}% 38
\BOOKMARK [4][-]{paragraph*.57}{\376\377\000P\000a\000r\000a\000m\000e\000t\000e\000r}{subsubsection*.4}% 39
\BOOKMARK [4][-]{paragraph*.58}{\376\377\000R\000e\000t\000u\000r\000n}{subsubsection*.4}% 40
\BOOKMARK [3][-]{subsubsection*.59}{\376\377\000F\000i\000l\000e\000\040\000c\000r\000e\000a\000t\000e\000\137\000c\000o\000n\000f\000i\000g\000.\000p\000y}{subsection.2.1.2}% 41
\BOOKMARK [4][-]{paragraph*.61}{\376\377\000P\000a\000r\000a\000m\000e\000t\000e\000r\000s}{subsubsection*.59}% 42
\BOOKMARK [4][-]{paragraph*.62}{\376\377\000R\000e\000t\000u\000r\000n\000s}{subsubsection*.59}% 43
\BOOKMARK [4][-]{paragraph*.64}{\376\377\000P\000a\000r\000a\000m\000e\000t\000e\000r\000s}{subsubsection*.59}% 44
\BOOKMARK [4][-]{paragraph*.65}{\376\377\000R\000e\000t\000u\000r\000n\000s}{subsubsection*.59}% 45
\BOOKMARK [4][-]{paragraph*.67}{\376\377\000P\000a\000r\000a\000m\000e\000t\000e\000r\000s}{subsubsection*.59}% 46
\BOOKMARK [4][-]{paragraph*.68}{\376\377\000R\000e\000t\000u\000r\000n\000s}{subsubsection*.59}% 47
\BOOKMARK [3][-]{subsubsection*.69}{\376\377\000F\000i\000l\000e\000\040\000m\000a\000i\000n\000.\000p\000y}{subsection.2.1.2}% 48
\BOOKMARK [4][-]{paragraph*.71}{\376\377\000P\000a\000r\000a\000m\000e\000t\000e\000r\000s}{subsubsection*.69}% 49
\BOOKMARK [4][-]{paragraph*.72}{\376\377\000R\000e\000t\000u\000r\000n\000s}{subsubsection*.69}% 50
\BOOKMARK [3][-]{subsubsection*.73}{\376\377\000F\000i\000l\000e\000\040\000m\000o\000d\000e\000l\000.\000p\000y}{subsection.2.1.2}% 51
\BOOKMARK [3][-]{subsubsection*.75}{\376\377\000F\000i\000l\000e\000\040\000m\000i\000s\000c\000.\000p\000y}{subsection.2.1.2}% 52
\BOOKMARK [3][-]{subsubsection*.76}{\376\377\000F\000i\000l\000e\000\040\000o\000b\000s\000.\000p\000y}{subsection.2.1.2}% 53
\BOOKMARK [4][-]{paragraph*.79}{\376\377\000P\000a\000r\000a\000m\000e\000t\000e\000r}{subsubsection*.76}% 54
\BOOKMARK [4][-]{paragraph*.80}{\376\377\000R\000e\000t\000u\000r\000n}{subsubsection*.76}% 55
\BOOKMARK [3][-]{subsubsection*.81}{\376\377\000F\000i\000l\000e\000\040\000p\000r\000o\000f\000i\000l\000e\000\137\000s\000t\000k\000.\000p\000y}{subsection.2.1.2}% 56
\BOOKMARK [2][-]{subsection.2.1.3}{\376\377\000C\000l\000a\000s\000s\000e\000s}{section.2.1}% 57
\BOOKMARK [3][-]{subsubsection*.82}{\376\377\000F\000i\000l\000e\000\040\000m\000o\000d\000e\000l\000.\000p\000y}{subsection.2.1.3}% 58
\BOOKMARK [4][-]{paragraph*.85}{\376\377\000P\000a\000r\000a\000m\000e\000t\000e\000r}{subsubsection*.82}% 59
\BOOKMARK [4][-]{paragraph*.87}{\376\377\000P\000a\000r\000a\000m\000e\000t\000e\000r}{subsubsection*.82}% 60
\BOOKMARK [4][-]{paragraph*.88}{\376\377\000R\000e\000t\000u\000r\000n}{subsubsection*.82}% 61
\BOOKMARK [4][-]{paragraph*.90}{\376\377\000P\000a\000r\000a\000m\000e\000t\000e\000r\000s}{subsubsection*.82}% 62
\BOOKMARK [4][-]{paragraph*.92}{\376\377\000P\000a\000r\000a\000m\000e\000t\000e\000r}{subsubsection*.82}% 63
\BOOKMARK [4][-]{paragraph*.93}{\376\377\000R\000e\000t\000u\000r\000n}{subsubsection*.82}% 64
\BOOKMARK [4][-]{paragraph*.96}{\376\377\000P\000a\000r\000a\000m\000e\000t\000e\000r}{subsubsection*.82}% 65
\BOOKMARK [4][-]{paragraph*.97}{\376\377\000R\000e\000t\000u\000r\000n}{subsubsection*.82}% 66
\BOOKMARK [4][-]{paragraph*.99}{\376\377\000P\000a\000r\000a\000m\000e\000t\000e\000r}{subsubsection*.82}% 67
\BOOKMARK [4][-]{paragraph*.101}{\376\377\000P\000a\000r\000a\000m\000e\000t\000e\000r}{subsubsection*.82}% 68
\BOOKMARK [4][-]{paragraph*.103}{\376\377\000P\000a\000r\000a\000m\000e\000t\000e\000r}{subsubsection*.82}% 69
\BOOKMARK [4][-]{paragraph*.105}{\376\377\000P\000a\000r\000a\000m\000e\000t\000e\000r}{subsubsection*.82}% 70
\BOOKMARK [4][-]{paragraph*.106}{\376\377\000R\000e\000t\000u\000r\000n}{subsubsection*.82}% 71
\BOOKMARK [4][-]{paragraph*.108}{\376\377\000P\000a\000r\000a\000m\000e\000t\000e\000r}{subsubsection*.82}% 72
\BOOKMARK [4][-]{paragraph*.109}{\376\377\000R\000e\000t\000u\000r\000n}{subsubsection*.82}% 73
\BOOKMARK [4][-]{paragraph*.111}{\376\377\000P\000a\000r\000a\000m\000e\000t\000e\000r\000s}{subsubsection*.82}% 74
\BOOKMARK [4][-]{paragraph*.113}{\376\377\000P\000a\000r\000a\000m\000e\000t\000e\000r}{subsubsection*.82}% 75
\BOOKMARK [4][-]{paragraph*.114}{\376\377\000R\000e\000t\000u\000r\000n}{subsubsection*.82}% 76
\BOOKMARK [4][-]{paragraph*.116}{\376\377\000P\000a\000r\000a\000m\000e\000t\000e\000r}{subsubsection*.82}% 77
\BOOKMARK [4][-]{paragraph*.117}{\376\377\000R\000e\000t\000u\000r\000n}{subsubsection*.82}% 78
\BOOKMARK [4][-]{paragraph*.119}{\376\377\000P\000a\000r\000a\000m\000e\000t\000e\000r}{subsubsection*.82}% 79
\BOOKMARK [4][-]{paragraph*.121}{\376\377\000P\000a\000r\000a\000m\000e\000t\000e\000r}{subsubsection*.82}% 80
\BOOKMARK [4][-]{paragraph*.123}{\376\377\000P\000a\000r\000a\000m\000e\000t\000e\000r}{subsubsection*.82}% 81
\BOOKMARK [4][-]{paragraph*.125}{\376\377\000P\000a\000r\000a\000m\000e\000t\000e\000r}{subsubsection*.82}% 82
\BOOKMARK [4][-]{paragraph*.126}{\376\377\000R\000e\000t\000u\000r\000n}{subsubsection*.82}% 83
\BOOKMARK [3][-]{subsubsection*.127}{\376\377\000F\000i\000l\000e\000\040\000p\000r\000o\000f\000i\000l\000e\000\137\000s\000t\000k\000.\000p\000y}{subsection.2.1.3}% 84
\BOOKMARK [4][-]{paragraph*.130}{\376\377\000P\000a\000r\000a\000m\000e\000t\000e\000r}{subsubsection*.127}% 85
\BOOKMARK [4][-]{paragraph*.132}{\376\377\000P\000a\000r\000a\000m\000e\000t\000e\000r}{subsubsection*.127}% 86
\BOOKMARK [4][-]{paragraph*.133}{\376\377\000R\000e\000t\000u\000r\000n}{subsubsection*.127}% 87
\BOOKMARK [4][-]{paragraph*.135}{\376\377\000P\000a\000r\000a\000m\000e\000t\000e\000r}{subsubsection*.127}% 88
\BOOKMARK [4][-]{paragraph*.136}{\376\377\000R\000e\000t\000u\000r\000n}{subsubsection*.127}% 89
\BOOKMARK [4][-]{paragraph*.138}{\376\377\000P\000a\000r\000a\000m\000e\000t\000e\000r}{subsubsection*.127}% 90
\BOOKMARK [4][-]{paragraph*.139}{\376\377\000R\000e\000t\000u\000r\000n}{subsubsection*.127}% 91
\BOOKMARK [4][-]{paragraph*.141}{\376\377\000P\000a\000r\000a\000m\000e\000t\000e\000r\000s}{subsubsection*.127}% 92
\BOOKMARK [4][-]{paragraph*.143}{\376\377\000P\000a\000r\000a\000m\000e\000t\000e\000r\000s}{subsubsection*.127}% 93
\BOOKMARK [4][-]{paragraph*.146}{\376\377\000P\000a\000r\000a\000m\000e\000t\000e\000r}{subsubsection*.127}% 94
\BOOKMARK [4][-]{paragraph*.147}{\376\377\000R\000e\000t\000u\000r\000n}{subsubsection*.127}% 95
\BOOKMARK [4][-]{paragraph*.150}{\376\377\000P\000a\000r\000a\000m\000e\000t\000e\000r}{subsubsection*.127}% 96
\BOOKMARK [4][-]{paragraph*.152}{\376\377\000P\000a\000r\000a\000m\000e\000t\000e\000r}{subsubsection*.127}% 97
\BOOKMARK [4][-]{paragraph*.154}{\376\377\000P\000a\000r\000a\000m\000e\000t\000e\000r}{subsubsection*.127}% 98
\BOOKMARK [4][-]{paragraph*.156}{\376\377\000P\000a\000r\000a\000m\000e\000t\000e\000r}{subsubsection*.127}% 99
\BOOKMARK [4][-]{paragraph*.158}{\376\377\000P\000a\000r\000a\000m\000e\000t\000e\000r\000s}{subsubsection*.127}% 100
\BOOKMARK [4][-]{paragraph*.160}{\376\377\000P\000a\000r\000a\000m\000e\000t\000e\000r\000s}{subsubsection*.127}% 101
\BOOKMARK [4][-]{paragraph*.162}{\376\377\000P\000a\000r\000a\000m\000e\000t\000e\000r}{subsubsection*.127}% 102
\BOOKMARK [4][-]{paragraph*.163}{\376\377\000R\000e\000t\000u\000r\000n}{subsubsection*.127}% 103
\BOOKMARK [4][-]{paragraph*.166}{\376\377\000P\000a\000r\000a\000m\000e\000t\000e\000r}{subsubsection*.127}% 104
\BOOKMARK [4][-]{paragraph*.168}{\376\377\000P\000a\000r\000a\000m\000e\000t\000e\000r}{subsubsection*.127}% 105
\BOOKMARK [4][-]{paragraph*.170}{\376\377\000P\000a\000r\000a\000m\000e\000t\000e\000r}{subsubsection*.127}% 106
\BOOKMARK [4][-]{paragraph*.172}{\376\377\000P\000a\000r\000a\000m\000e\000t\000e\000r}{subsubsection*.127}% 107
\BOOKMARK [2][-]{subsection.2.1.4}{\376\377\000A\000P\000I}{section.2.1}% 108
\BOOKMARK [3][-]{subsubsection*.173}{\376\377\000c\000r\000e\000a\000t\000e\000\137\000c\000o\000n\000f\000i\000g}{subsection.2.1.4}% 109
\BOOKMARK [3][-]{subsubsection*.174}{\376\377\000s\000i\000r}{subsection.2.1.4}% 110
\BOOKMARK [3][-]{subsubsection*.175}{\376\377\000m\000o\000d\000e\000l}{subsection.2.1.4}% 111
\BOOKMARK [3][-]{subsubsection*.176}{\376\377\000p\000r\000o\000f\000i\000l\000e\000\137\000s\000t\000k}{subsection.2.1.4}% 112
\BOOKMARK [0][-]{section*.177}{\376\377\000P\000y\000t\000h\000o\000n\000\040\000M\000o\000d\000u\000l\000e\000\040\000I\000n\000d\000e\000x}{}% 113
\BOOKMARK [0][-]{section*.178}{\376\377\000I\000n\000d\000e\000x}{}% 114
