   0.00000000       0.00000000       0.00000000    
  1.0000    178.8  3.70688E+02  0.000E+00  2.6462E+02  1.0777E+05  3.1884E+01  2.0771E+01  1.8018E+00  2.0703E+04  4.0195E-08
  0.9350    178.8  3.38221E+02  0.000E+00  2.6462E+02  1.0777E+05  3.1884E+01  2.0771E+01  1.7089E+00  2.0376E+04  4.0160E-08
  0.8700    178.8  3.06213E+02  0.000E+00  2.6462E+02  1.0777E+05  3.1884E+01  2.0771E+01  1.6124E+00  2.0056E+04  4.0156E-08
  0.8050    178.8  2.74841E+02  0.000E+00  2.6462E+02  1.0777E+05  3.1884E+01  2.0771E+01  1.5122E+00  1.9739E+04  4.0183E-08
  0.7400    178.8  2.41835E+02  0.000E+00  2.6462E+02  1.0777E+05  3.1884E+01  2.0771E+01  1.4066E+00  1.9423E+04  4.0300E-08
  0.6750    178.8  2.10006E+02  0.000E+00  2.6462E+02  1.0777E+05  3.1884E+01  2.0771E+01  1.2943E+00  1.9101E+04  4.0447E-08
  0.6100    178.8  1.79493E+02  0.000E+00  2.6462E+02  1.0777E+05  3.1884E+01  2.0771E+01  1.1746E+00  1.8772E+04  4.0625E-08
  0.5450    178.8  1.50981E+02  0.000E+00  2.6462E+02  1.0777E+05  3.1884E+01  2.0771E+01  1.0472E+00  1.8429E+04  4.0818E-08
  0.4800    178.8  1.24999E+02  0.000E+00  2.6462E+02  1.0777E+05  3.1884E+01  2.0771E+01  9.1252E-01  1.8067E+04  4.1006E-08
  0.4150    178.8  1.01331E+02  0.000E+00  2.6462E+02  1.0777E+05  3.1884E+01  2.0771E+01  7.7164E-01  1.7678E+04  4.1190E-08
  0.3500    178.8  8.16032E+01  0.000E+00  2.6462E+02  1.0777E+05  3.1884E+01  2.0771E+01  6.2713E-01  1.7256E+04  4.1268E-08
  0.2850    178.8  6.51925E+01  0.000E+00  2.6462E+02  1.0777E+05  3.1884E+01  2.0771E+01  4.8300E-01  1.6795E+04  4.1228E-08
  0.2200    178.8  5.20018E+01  0.000E+00  2.6462E+02  1.0777E+05  3.1884E+01  2.0771E+01  3.4373E-01  1.6291E+04  4.1019E-08
  0.1550    178.8  4.16526E+01  0.000E+00  2.6462E+02  1.0777E+05  3.1884E+01  2.0771E+01  2.1399E-01  1.5743E+04  4.0607E-08
  0.0900    178.8  3.33733E+01  0.000E+00  2.6462E+02  1.0777E+05  3.1884E+01  2.0771E+01  9.8240E-02  1.5149E+04  4.0004E-08
  0.0250    178.8  2.70648E+01  0.000E+00  2.6462E+02  1.0777E+05  3.1884E+01  2.0771E+01  0.0000E+00  1.4515E+04  3.9166E-08
 -0.0400    178.8  2.21467E+01  0.000E+00  2.6462E+02  1.0777E+05  3.1884E+01  2.0771E+01  7.8540E-02  1.3847E+04  3.8126E-08
 -0.1050    178.8  1.82170E+01  0.000E+00  2.6462E+02  1.0777E+05  3.1884E+01  2.0771E+01  1.3620E-01  1.3152E+04  3.6922E-08
 -0.1700    178.8  1.52276E+01  0.000E+00  2.6462E+02  1.0777E+05  3.1884E+01  2.0771E+01  1.7267E-01  1.2440E+04  3.5539E-08
 -0.2350    178.8  1.27873E+01  0.000E+00  2.6462E+02  1.0777E+05  3.1884E+01  2.0771E+01  1.8843E-01  1.1720E+04  3.4056E-08
 -0.3000    178.8  1.07788E+01  0.000E+00  2.6462E+02  1.0777E+05  3.1884E+01  2.0771E+01  1.8460E-01  1.1000E+04  3.2494E-08
 -0.3650    178.8  9.22861E+00  0.000E+00  2.6462E+02  1.0777E+05  3.1884E+01  2.0771E+01  1.6234E-01  1.0288E+04  3.0848E-08
 -0.4300    178.8  7.91034E+00  0.000E+00  2.6462E+02  1.0777E+05  3.1884E+01  2.0771E+01  1.2314E-01  9.5914E+03  2.9189E-08
 -0.4950    178.8  6.79537E+00  0.000E+00  2.6462E+02  1.0777E+05  3.1884E+01  2.0771E+01  6.9286E-02  8.9141E+03  2.7530E-08
 -0.5600    178.8  5.85276E+00  0.000E+00  2.6462E+02  1.0777E+05  3.1884E+01  2.0771E+01  3.3951E-03  8.2598E+03  2.5882E-08
 -0.6250    178.8  5.02470E+00  0.000E+00  2.6462E+02  1.0777E+05  3.1884E+01  2.0771E+01  7.0717E-02  7.6312E+03  2.4271E-08
 -0.6900    178.8  4.29564E+00  0.000E+00  2.6462E+02  1.0777E+05  3.1884E+01  2.0771E+01  1.4713E-01  7.0301E+03  2.2703E-08
 -0.7550    178.8  3.69452E+00  0.000E+00  2.6462E+02  1.0777E+05  3.1884E+01  2.0771E+01  2.2058E-01  6.4591E+03  2.1168E-08
 -0.8200    178.8  3.18371E+00  0.000E+00  2.6462E+02  1.0777E+05  3.1884E+01  2.0771E+01  2.8662E-01  5.9208E+03  1.9688E-08
 -0.8850    178.8  2.76031E+00  0.000E+00  2.6462E+02  1.0777E+05  3.1884E+01  2.0771E+01  3.4128E-01  5.4170E+03  1.8265E-08
 -0.9500    178.8  2.41427E+00  0.000E+00  2.6462E+02  1.0777E+05  3.1884E+01  2.0771E+01  3.8372E-01  4.9484E+03  1.6906E-08
 -1.0150    178.8  2.11471E+00  0.000E+00  2.6462E+02  1.0777E+05  3.1884E+01  2.0771E+01  4.1254E-01  4.5147E+03  1.5626E-08
 -1.0800    178.8  1.84921E+00  0.000E+00  2.6462E+02  1.0777E+05  3.1884E+01  2.0771E+01  4.2256E-01  4.1153E+03  1.4430E-08
 -1.1450    178.8  1.62754E+00  0.000E+00  2.6462E+02  1.0777E+05  3.1884E+01  2.0771E+01  4.1098E-01  3.7490E+03  1.3308E-08
 -1.2100    178.8  1.43861E+00  0.000E+00  2.6462E+02  1.0777E+05  3.1884E+01  2.0771E+01  3.7831E-01  3.4140E+03  1.2263E-08
 -1.2750    178.8  1.28387E+00  0.000E+00  2.6462E+02  1.0777E+05  3.1884E+01  2.0771E+01  3.2811E-01  3.1080E+03  1.1286E-08
 -1.3400    178.8  1.14910E+00  0.000E+00  2.6462E+02  1.0777E+05  3.1884E+01  2.0771E+01  2.6427E-01  2.8285E+03  1.0381E-08
 -1.4050    178.8  1.02950E+00  0.000E+00  2.6462E+02  1.0777E+05  3.1884E+01  2.0771E+01  1.8669E-01  2.5736E+03  9.5448E-09
 -1.4700    178.8  9.20685E-01  0.000E+00  2.6462E+02  1.0777E+05  3.1884E+01  2.0771E+01  9.2621E-02  2.3415E+03  8.7753E-09
 -1.5350    178.8  8.24707E-01  0.000E+00  2.6462E+02  1.0777E+05  3.1884E+01  2.0771E+01  2.0447E-02  2.1308E+03  8.0666E-09
 -1.6000    178.8  7.40281E-01  0.000E+00  2.6462E+02  1.0777E+05  3.1884E+01  2.0771E+01  1.5256E-01  1.9395E+03  7.4140E-09
 -1.6650    178.8  6.74180E-01  0.000E+00  2.6462E+02  1.0777E+05  3.1884E+01  2.0771E+01  2.9463E-01  1.7651E+03  6.8057E-09
 -1.7300    178.8  6.18346E-01  0.000E+00  2.6462E+02  1.0777E+05  3.1884E+01  2.0771E+01  4.3280E-01  1.6048E+03  6.2396E-09
 -1.7950    178.8  5.72048E-01  0.000E+00  2.6462E+02  1.0777E+05  3.1884E+01  2.0771E+01  5.5557E-01  1.4565E+03  5.7100E-09
 -1.8600    178.8  5.28957E-01  0.000E+00  2.6462E+02  1.0777E+05  3.1884E+01  2.0771E+01  6.5564E-01  1.3188E+03  5.2170E-09
 -1.9250    178.8  4.89390E-01  0.000E+00  2.6462E+02  1.0777E+05  3.1884E+01  2.0771E+01  7.3056E-01  1.1909E+03  4.7575E-09
 -1.9900    178.8  4.52759E-01  0.000E+00  2.6462E+02  1.0777E+05  3.1884E+01  2.0771E+01  7.7734E-01  1.0720E+03  4.3289E-09
 -2.0550    178.8  4.18868E-01  0.000E+00  2.6462E+02  1.0777E+05  3.1884E+01  2.0771E+01  7.9303E-01  9.6125E+02  3.9290E-09
 -2.1200    178.8  3.87544E-01  0.000E+00  2.6462E+02  1.0777E+05  3.1884E+01  2.0771E+01  7.7420E-01  8.5813E+02  3.5555E-09
 -2.1850    178.8  3.58736E-01  0.000E+00  2.6462E+02  1.0777E+05  3.1884E+01  2.0771E+01  7.1664E-01  7.6198E+02  3.2062E-09
 -2.2500    178.8  3.34400E-01  0.000E+00  2.6462E+02  1.0777E+05  3.1884E+01  2.0771E+01  6.1072E-01  6.7194E+02  2.8772E-09
 -2.3150    178.8  3.12577E-01  0.000E+00  2.6462E+02  1.0777E+05  3.1884E+01  2.0771E+01  4.4415E-01  5.8717E+02  2.5670E-09
 -2.3800    178.8  2.92426E-01  0.000E+00  2.6462E+02  1.0777E+05  3.1884E+01  2.0771E+01  2.0798E-01  5.0714E+02  2.2742E-09
 -2.4450    178.8  2.73847E-01  0.000E+00  2.6462E+02  1.0777E+05  3.1884E+01  2.0771E+01  1.0663E-01  4.3143E+02  1.9974E-09
 -2.5100    178.8  2.56203E-01  0.000E+00  2.6462E+02  1.0777E+05  3.1884E+01  2.0771E+01  5.0800E-01  3.5970E+02  1.7356E-09
 -2.5750    178.8  2.36651E-01  0.000E+00  2.6462E+02  1.0777E+05  3.1884E+01  2.0771E+01  9.9628E-01  2.9199E+02  1.4897E-09
 -2.6400    178.8  2.19971E-01  0.000E+00  2.6462E+02  1.0777E+05  3.1884E+01  2.0771E+01  1.5774E+00  2.2812E+02  1.2566E-09
 -2.7050    178.8  2.05621E-01  0.000E+00  2.6462E+02  1.0777E+05  3.1884E+01  2.0771E+01  2.2715E+00  1.6745E+02  1.0344E-09
 -2.7700    178.8  1.92486E-01  0.000E+00  2.6462E+02  1.0777E+05  3.1884E+01  2.0771E+01  3.0978E+00  1.0952E+02  8.2220E-10
 -2.8350    178.8  1.81435E-01  0.000E+00  2.6462E+02  1.0777E+05  3.1884E+01  2.0771E+01  4.0794E+00  5.3872E+01  6.1813E-10
 -2.9000    178.8  1.72134E-01  0.000E+00  2.6462E+02  1.0777E+05  3.1884E+01  2.0771E+01  5.2460E+00  0.0000E+00  4.2075E-10
