   0.00000000       0.00000000       0.00000000    
  1.0000    122.1  5.35095E+02  0.000E+00  5.2917E+01  2.1283E+04  5.6710E+00  3.4885E+00  8.8054E-01  5.4300E+03  1.1890E-08
  0.9350    112.7  4.18768E+02  0.000E+00  5.2917E+01  2.1283E+04  5.6710E+00  3.4885E+00  7.4986E-01  5.2736E+03  1.1705E-08
  0.8700    103.8  3.23621E+02  0.000E+00  5.2917E+01  2.1283E+04  5.6710E+00  3.4885E+00  6.2668E-01  5.1177E+03  1.1515E-08
  0.8050     95.4  2.47077E+02  0.000E+00  5.2917E+01  2.1283E+04  5.6710E+00  3.4885E+00  5.1256E-01  4.9632E+03  1.1321E-08
  0.7400     87.6  1.85968E+02  0.000E+00  5.2917E+01  2.1283E+04  5.6710E+00  3.4885E+00  4.0869E-01  4.8110E+03  1.1129E-08
  0.6750     80.2  1.37967E+02  0.000E+00  5.2917E+01  2.1283E+04  5.6710E+00  3.4885E+00  3.1540E-01  4.6612E+03  1.0937E-08
  0.6100     73.3  1.01240E+02  0.000E+00  5.2917E+01  2.1283E+04  5.6710E+00  3.4885E+00  2.3312E-01  4.5139E+03  1.0746E-08
  0.5450     67.0  7.35764E+01  0.000E+00  5.2917E+01  2.1283E+04  5.6710E+00  3.4885E+00  1.6206E-01  4.3692E+03  1.0553E-08
  0.4800     61.2  5.28184E+01  0.000E+00  5.2917E+01  2.1283E+04  5.6710E+00  3.4885E+00  1.0228E-01  4.2272E+03  1.0360E-08
  0.4150     55.9  3.76777E+01  0.000E+00  5.2917E+01  2.1283E+04  5.6710E+00  3.4885E+00  5.3713E-02  4.0874E+03  1.0167E-08
  0.3500     51.0  2.67297E+01  0.000E+00  5.2917E+01  2.1283E+04  5.6710E+00  3.4885E+00  1.6331E-02  3.9499E+03  9.9690E-09
  0.2850     46.8  1.88786E+01  0.000E+00  5.2917E+01  2.1283E+04  5.6710E+00  3.4885E+00  9.8820E-03  3.8143E+03  9.7701E-09
  0.2200     43.0  1.34140E+01  0.000E+00  5.2917E+01  2.1283E+04  5.6710E+00  3.4885E+00  2.4822E-02  3.6807E+03  9.5652E-09
  0.1550     39.7  9.56096E+00  0.000E+00  5.2917E+01  2.1283E+04  5.6710E+00  3.4885E+00  2.8255E-02  3.5491E+03  9.3567E-09
  0.0900     36.9  6.85365E+00  0.000E+00  5.2917E+01  2.1283E+04  5.6710E+00  3.4885E+00  2.0030E-02  3.4196E+03  9.1490E-09
  0.0250     34.7  5.00900E+00  0.000E+00  5.2917E+01  2.1283E+04  5.6710E+00  3.4885E+00  0.0000E+00  3.2922E+03  8.9341E-09
 -0.0400     32.9  3.75295E+00  0.000E+00  5.2917E+01  2.1283E+04  5.6710E+00  3.4885E+00  3.1775E-02  3.1676E+03  8.7178E-09
 -0.1050     31.7  2.85811E+00  0.000E+00  5.2917E+01  2.1283E+04  5.6710E+00  3.4885E+00  7.4800E-02  3.0457E+03  8.5059E-09
 -0.1700     31.0  2.24500E+00  0.000E+00  5.2917E+01  2.1283E+04  5.6710E+00  3.4885E+00  1.2800E-01  2.9261E+03  8.2923E-09
 -0.2350     30.8  1.80156E+00  0.000E+00  5.2917E+01  2.1283E+04  5.6710E+00  3.4885E+00  1.8990E-01  2.8082E+03  8.0865E-09
 -0.3000     31.1  1.47829E+00  0.000E+00  5.2917E+01  2.1283E+04  5.6710E+00  3.4885E+00  2.5886E-01  2.6908E+03  7.8849E-09
 -0.3650     31.9  1.24185E+00  0.000E+00  5.2917E+01  2.1283E+04  5.6710E+00  3.4885E+00  3.3281E-01  2.5728E+03  7.6803E-09
 -0.4300     33.3  1.06767E+00  0.000E+00  5.2917E+01  2.1283E+04  5.6710E+00  3.4885E+00  4.0965E-01  2.4534E+03  7.4751E-09
 -0.4950     35.1  9.34439E-01  0.000E+00  5.2917E+01  2.1283E+04  5.6710E+00  3.4885E+00  4.8753E-01  2.3318E+03  7.2648E-09
 -0.5600     37.5  8.33302E-01  0.000E+00  5.2917E+01  2.1283E+04  5.6710E+00  3.4885E+00  5.6464E-01  2.2078E+03  7.0450E-09
 -0.6250     40.3  7.46979E-01  0.000E+00  5.2917E+01  2.1283E+04  5.6710E+00  3.4885E+00  6.3998E-01  2.0816E+03  6.8191E-09
 -0.6900     43.7  6.76060E-01  0.000E+00  5.2917E+01  2.1283E+04  5.6710E+00  3.4885E+00  7.1408E-01  1.9541E+03  6.5869E-09
 -0.7550     47.6  6.16560E-01  0.000E+00  5.2917E+01  2.1283E+04  5.6710E+00  3.4885E+00  7.8831E-01  1.8267E+03  6.3486E-09
 -0.8200     52.0  5.63501E-01  0.000E+00  5.2917E+01  2.1283E+04  5.6710E+00  3.4885E+00  8.6510E-01  1.7010E+03  6.1082E-09
 -0.8850     56.9  5.20750E-01  0.000E+00  5.2917E+01  2.1283E+04  5.6710E+00  3.4885E+00  9.4733E-01  1.5790E+03  5.8676E-09
 -0.9500     62.3  4.86747E-01  0.000E+00  5.2917E+01  2.1283E+04  5.6710E+00  3.4885E+00  1.0363E+00  1.4617E+03  5.6275E-09
 -1.0150     68.2  4.57700E-01  0.000E+00  5.2917E+01  2.1283E+04  5.6710E+00  3.4885E+00  1.1332E+00  1.3498E+03  5.3930E-09
 -1.0800     74.7  4.34077E-01  0.000E+00  5.2917E+01  2.1283E+04  5.6710E+00  3.4885E+00  1.2402E+00  1.2441E+03  5.1656E-09
 -1.1450     81.7  4.12597E-01  0.000E+00  5.2917E+01  2.1283E+04  5.6710E+00  3.4885E+00  1.3595E+00  1.1450E+03  4.9477E-09
 -1.2100     89.1  3.92983E-01  0.000E+00  5.2917E+01  2.1283E+04  5.6710E+00  3.4885E+00  1.4942E+00  1.0530E+03  4.7413E-09
 -1.2750     97.1  3.75829E-01  0.000E+00  5.2917E+01  2.1283E+04  5.6710E+00  3.4885E+00  1.6476E+00  9.6834E+02  4.5466E-09
 -1.3400    105.6  3.60106E-01  0.000E+00  5.2917E+01  2.1283E+04  5.6710E+00  3.4885E+00  1.8223E+00  8.9096E+02  4.3646E-09
 -1.4050    114.6  3.45380E-01  0.000E+00  5.2917E+01  2.1283E+04  5.6710E+00  3.4885E+00  2.0223E+00  8.2091E+02  4.1959E-09
 -1.4700    124.1  3.31181E-01  0.000E+00  5.2917E+01  2.1283E+04  5.6710E+00  3.4885E+00  2.2524E+00  7.5826E+02  4.0415E-09
 -1.5350    134.1  3.17979E-01  0.000E+00  5.2917E+01  2.1283E+04  5.6710E+00  3.4885E+00  2.5175E+00  7.0292E+02  3.9010E-09
 -1.6000    144.7  3.05634E-01  0.000E+00  5.2917E+01  2.1283E+04  5.6710E+00  3.4885E+00  2.8219E+00  6.5457E+02  3.7739E-09
 -1.6650    155.7  2.95186E-01  0.000E+00  5.2917E+01  2.1283E+04  5.6710E+00  3.4885E+00  3.1678E+00  6.1249E+02  3.6575E-09
 -1.7300    167.3  2.85746E-01  0.000E+00  5.2917E+01  2.1283E+04  5.6710E+00  3.4885E+00  3.5564E+00  5.7578E+02  3.5504E-09
 -1.7950    179.4  2.77356E-01  0.000E+00  5.2917E+01  2.1283E+04  5.6710E+00  3.4885E+00  3.9887E+00  5.4366E+02  3.4505E-09
 -1.8600    191.9  2.69751E-01  0.000E+00  5.2917E+01  2.1283E+04  5.6710E+00  3.4885E+00  4.4655E+00  5.1541E+02  3.3566E-09
 -1.9250    205.0  2.62890E-01  0.000E+00  5.2917E+01  2.1283E+04  5.6710E+00  3.4885E+00  4.9877E+00  4.9039E+02  3.2670E-09
 -1.9900    218.6  2.56522E-01  0.000E+00  5.2917E+01  2.1283E+04  5.6710E+00  3.4885E+00  5.5551E+00  4.6794E+02  3.1804E-09
 -2.0550    232.8  2.50982E-01  0.000E+00  5.2917E+01  2.1283E+04  5.6710E+00  3.4885E+00  6.1664E+00  4.4743E+02  3.0951E-09
 -2.1200    247.4  2.46058E-01  0.000E+00  5.2917E+01  2.1283E+04  5.6710E+00  3.4885E+00  6.8189E+00  4.2818E+02  3.0093E-09
 -2.1850    262.5  2.42074E-01  0.000E+00  5.2917E+01  2.1283E+04  5.6710E+00  3.4885E+00  7.5073E+00  4.0948E+02  2.9212E-09
 -2.2500    278.2  2.39429E-01  0.000E+00  5.2917E+01  2.1283E+04  5.6710E+00  3.4885E+00  8.2213E+00  3.9043E+02  2.8280E-09
 -2.3150    294.3  2.37749E-01  0.000E+00  5.2917E+01  2.1283E+04  5.6710E+00  3.4885E+00  8.9466E+00  3.7013E+02  2.7277E-09
 -2.3800    311.0  2.37122E-01  0.000E+00  5.2917E+01  2.1283E+04  5.6710E+00  3.4885E+00  9.6659E+00  3.4781E+02  2.6183E-09
 -2.4450    328.2  2.37742E-01  0.000E+00  5.2917E+01  2.1283E+04  5.6710E+00  3.4885E+00  1.0356E+01  3.2266E+02  2.4975E-09
 -2.5100    345.9  2.39959E-01  0.000E+00  5.2917E+01  2.1283E+04  5.6710E+00  3.4885E+00  1.0985E+01  2.9380E+02  2.3628E-09
 -2.5750    364.1  2.43029E-01  0.000E+00  5.2917E+01  2.1283E+04  5.6710E+00  3.4885E+00  1.1517E+01  2.6053E+02  2.2132E-09
 -2.6400    382.8  2.48268E-01  0.000E+00  5.2917E+01  2.1283E+04  5.6710E+00  3.4885E+00  1.1904E+01  2.2209E+02  2.0455E-09
 -2.7050    402.1  2.55613E-01  0.000E+00  5.2917E+01  2.1283E+04  5.6710E+00  3.4885E+00  1.2083E+01  1.7751E+02  1.8575E-09
 -2.7700    421.8  2.64992E-01  0.000E+00  5.2917E+01  2.1283E+04  5.6710E+00  3.4885E+00  1.1983E+01  1.2604E+02  1.6475E-09
 -2.8350    442.1  2.76760E-01  0.000E+00  5.2917E+01  2.1283E+04  5.6710E+00  3.4885E+00  1.1518E+01  6.7064E+01  1.4139E-09
 -2.9000    462.8  2.91414E-01  0.000E+00  5.2917E+01  2.1283E+04  5.6710E+00  3.4885E+00  1.0590E+01  0.0000E+00  1.1553E-09
